Starting Lives: Starting Money($): Start Point: End Point: 
Lives: 100 Money: $500
                                    
 .  .  .  .  .  .  .  .  .  .  .  . 
                                    
 .  .  .  .  .  .  .  .  .  .  .  . 
                                    
 .  .  .  .  .  .  .  .  .  .  .  . 
                                    
 .  .  .  .  .  .  .  .  .  .  .  . 
                                    
 .  .  .  .  .  .  .  .  .  .  .  . 
                                    
 .  .  .  .  .  S  E  .  .  .  .  . 
Initial Enemies: 
Lives: 100 Money: $500
                                    
 .  .  .  .  .  .  .  .  .  .  .  . 
                                    
 .  .  .  .  .  .  .  .  .  .  .  . 
                                    
 .  .  .  .  .  .  .  .  .  .  .  . 
                                    
 .  .  .  .  .  .  .  .  .  .  .  . 
                                    
 .  .  .  .  .  .  .  .  .  .  .  . 
                                    
 .  .  .  .  .  S  E  .  .  .  .  . 
Enter Lake: Error: Lake out of bounds, ignoring...

Lives: 100 Money: $500
                                    
 .  .  .  .  .  .  .  .  .  .  .  . 
                                    
 .  .  .  .  .  .  .  .  .  .  .  . 
                                    
 .  .  .  .  .  .  .  .  .  .  .  . 
                                    
 .  .  .  .  .  .  .  .  .  .  .  . 
                                    
 .  .  .  .  .  .  .  .  .  .  .  . 
                                    
 .  .  .  .  .  S  E  .  .  .  .  . 
Enter Path: 
Lives: 100 Money: $500
                                    
 .  .  .  .  .  .  .  .  .  .  .  . 
                                    
 .  .  .  .  .  .  .  .  .  .  .  . 
                                    
 .  .  .  .  .  .  .  .  .  .  .  . 
                                    
 .  .  .  .  .  .  .  .  .  .  .  . 
                                    
 .  .  .  .  .  .  .  .  .  .  .  . 
                                    
 .  .  .  .  .  >  E  .  .  .  .  . 
Enter Command: 
Lives: 100 Money: $500
                                    
 .  .  .  .  .  .  .  .  .  .  .  . 
                                    
 .  .  .  .  .  .  .  .  .  .  .  . 
                                    
 .  .  .  .  .  .  .  .  .  .  .  . 
                                    
 .  .  .  .  .  .  .  .  .  .  .  . 
                                    
 .  .  .  .  .  .  .  .  .  .  .  . 
                                    
 .  .  .  .  .  >  E  .  .  .  .  . 
Enter Command: 
Lives: 100 Money: $500
                                    
 ~  ~  ~  ~  ~  ~  ~  ~  ~  ~  ~  ~ 
                                    
 .  .  .  .  .  .  .  .  .  .  .  . 
                                    
 .  .  .  .  .  .  .  .  .  .  .  . 
                                    
 .  .  .  .  .  .  .  .  .  .  .  . 
                                    
 .  .  .  .  .  .  .  .  .  .  .  . 
                                    
 .  .  .  .  .  >  E  .  .  .  .  . 
Enter Command: 
Game Over!
